{"C:\\Users\\yoseline\\Desktop\\4351_project\\COSC_4351\\backend\\index.js": {"path":"C:\\Users\\yoseline\\Desktop\\4351_project\\COSC_4351\\backend\\index.js","statementMap":{"0":{"start":{"line":1,"column":16},"end":{"line":1,"column":34}},"1":{"start":{"line":2,"column":0},"end":{"line":2,"column":27}},"2":{"start":{"line":3,"column":12},"end":{"line":3,"column":21}},"3":{"start":{"line":4,"column":13},"end":{"line":4,"column":17}},"4":{"start":{"line":6,"column":14},"end":{"line":6,"column":38}},"5":{"start":{"line":8,"column":17},"end":{"line":8,"column":36}},"6":{"start":{"line":9,"column":26},"end":{"line":9,"column":60}},"7":{"start":{"line":11,"column":2},"end":{"line":12,"column":113}},"8":{"start":{"line":13,"column":0},"end":{"line":16,"column":3}},"9":{"start":{"line":18,"column":9},"end":{"line":18,"column":28}},"10":{"start":{"line":19,"column":0},"end":{"line":19,"column":73}},"11":{"start":{"line":22,"column":0},"end":{"line":22,"column":24}},"12":{"start":{"line":24,"column":0},"end":{"line":24,"column":36}},"13":{"start":{"line":27,"column":0},"end":{"line":32,"column":3}},"14":{"start":{"line":28,"column":16},"end":{"line":28,"column":43}},"15":{"start":{"line":29,"column":17},"end":{"line":29,"column":35}},"16":{"start":{"line":30,"column":2},"end":{"line":30,"column":22}},"17":{"start":{"line":31,"column":2},"end":{"line":31,"column":26}},"18":{"start":{"line":35,"column":0},"end":{"line":42,"column":3}},"19":{"start":{"line":36,"column":2},"end":{"line":41,"column":3}},"20":{"start":{"line":37,"column":18},"end":{"line":37,"column":36}},"21":{"start":{"line":38,"column":4},"end":{"line":38,"column":27}},"22":{"start":{"line":40,"column":4},"end":{"line":40,"column":64}},"23":{"start":{"line":45,"column":0},"end":{"line":53,"column":3}},"24":{"start":{"line":46,"column":11},"end":{"line":46,"column":24}},"25":{"start":{"line":47,"column":2},"end":{"line":52,"column":3}},"26":{"start":{"line":48,"column":18},"end":{"line":48,"column":50}},"27":{"start":{"line":49,"column":4},"end":{"line":49,"column":27}},"28":{"start":{"line":51,"column":4},"end":{"line":51,"column":64}},"29":{"start":{"line":56,"column":0},"end":{"line":71,"column":3}},"30":{"start":{"line":57,"column":20},"end":{"line":57,"column":28}},"31":{"start":{"line":58,"column":2},"end":{"line":58,"column":24}},"32":{"start":{"line":59,"column":2},"end":{"line":70,"column":3}},"33":{"start":{"line":60,"column":18},"end":{"line":65,"column":6}},"34":{"start":{"line":66,"column":4},"end":{"line":66,"column":27}},"35":{"start":{"line":68,"column":4},"end":{"line":68,"column":19}},"36":{"start":{"line":69,"column":4},"end":{"line":69,"column":66}},"37":{"start":{"line":74,"column":0},"end":{"line":100,"column":3}},"38":{"start":{"line":75,"column":11},"end":{"line":75,"column":24}},"39":{"start":{"line":76,"column":20},"end":{"line":76,"column":28}},"40":{"start":{"line":77,"column":2},"end":{"line":77,"column":24}},"41":{"start":{"line":78,"column":2},"end":{"line":99,"column":3}},"42":{"start":{"line":79,"column":18},"end":{"line":94,"column":5}},"43":{"start":{"line":95,"column":4},"end":{"line":95,"column":27}},"44":{"start":{"line":97,"column":4},"end":{"line":97,"column":19}},"45":{"start":{"line":98,"column":4},"end":{"line":98,"column":66}},"46":{"start":{"line":133,"column":0},"end":{"line":135,"column":3}},"47":{"start":{"line":134,"column":2},"end":{"line":134,"column":67}},"48":{"start":{"line":145,"column":0},"end":{"line":145,"column":20}}},"fnMap":{"0":{"name":"(anonymous_0)","decl":{"start":{"line":27,"column":13},"end":{"line":27,"column":14}},"loc":{"start":{"line":27,"column":33},"end":{"line":32,"column":1}},"line":27},"1":{"name":"(anonymous_1)","decl":{"start":{"line":35,"column":18},"end":{"line":35,"column":19}},"loc":{"start":{"line":35,"column":38},"end":{"line":42,"column":1}},"line":35},"2":{"name":"(anonymous_2)","decl":{"start":{"line":45,"column":26},"end":{"line":45,"column":27}},"loc":{"start":{"line":45,"column":46},"end":{"line":53,"column":1}},"line":45},"3":{"name":"(anonymous_3)","decl":{"start":{"line":56,"column":26},"end":{"line":56,"column":27}},"loc":{"start":{"line":56,"column":46},"end":{"line":71,"column":1}},"line":56},"4":{"name":"(anonymous_4)","decl":{"start":{"line":74,"column":29},"end":{"line":74,"column":30}},"loc":{"start":{"line":74,"column":49},"end":{"line":100,"column":1}},"line":74},"5":{"name":"(anonymous_5)","decl":{"start":{"line":133,"column":17},"end":{"line":133,"column":18}},"loc":{"start":{"line":133,"column":23},"end":{"line":135,"column":1}},"line":133}},"branchMap":{"0":{"loc":{"start":{"line":11,"column":2},"end":{"line":12,"column":113}},"type":"binary-expr","locations":[{"start":{"line":11,"column":2},"end":{"line":11,"column":20}},{"start":{"line":12,"column":2},"end":{"line":12,"column":113}}],"line":11}},"s":{"0":1,"1":1,"2":1,"3":1,"4":1,"5":1,"6":1,"7":1,"8":1,"9":1,"10":1,"11":1,"12":1,"13":1,"14":0,"15":0,"16":0,"17":0,"18":1,"19":1,"20":1,"21":1,"22":0,"23":1,"24":2,"25":2,"26":2,"27":1,"28":1,"29":1,"30":1,"31":1,"32":1,"33":1,"34":1,"35":0,"36":0,"37":1,"38":2,"39":2,"40":2,"41":2,"42":2,"43":1,"44":1,"45":1,"46":1,"47":1,"48":1},"f":{"0":0,"1":1,"2":2,"3":1,"4":2,"5":1},"b":{"0":[1,1]},"_coverageSchema":"1a1c01bbd47fc00a2c39e90264f33305004495a9","hash":"0dec2cf1846f06b752b3ee0ddd377062a12db9d0"}
,"C:\\Users\\yoseline\\Desktop\\4351_project\\COSC_4351\\backend\\index\\reservations.js": {"path":"C:\\Users\\yoseline\\Desktop\\4351_project\\COSC_4351\\backend\\index\\reservations.js","statementMap":{"0":{"start":{"line":1,"column":16},"end":{"line":1,"column":34}},"1":{"start":{"line":2,"column":21},"end":{"line":2,"column":54}},"2":{"start":{"line":3,"column":19},"end":{"line":3,"column":46}},"3":{"start":{"line":4,"column":15},"end":{"line":4,"column":31}},"4":{"start":{"line":7,"column":0},"end":{"line":14,"column":3}},"5":{"start":{"line":8,"column":2},"end":{"line":13,"column":3}},"6":{"start":{"line":9,"column":21},"end":{"line":9,"column":46}},"7":{"start":{"line":10,"column":4},"end":{"line":10,"column":30}},"8":{"start":{"line":12,"column":4},"end":{"line":12,"column":72}},"9":{"start":{"line":17,"column":0},"end":{"line":25,"column":3}},"10":{"start":{"line":18,"column":2},"end":{"line":24,"column":3}},"11":{"start":{"line":19,"column":19},"end":{"line":19,"column":36}},"12":{"start":{"line":20,"column":21},"end":{"line":20,"column":60}},"13":{"start":{"line":21,"column":4},"end":{"line":21,"column":30}},"14":{"start":{"line":23,"column":4},"end":{"line":23,"column":72}},"15":{"start":{"line":28,"column":0},"end":{"line":54,"column":3}},"16":{"start":{"line":29,"column":28},"end":{"line":29,"column":36}},"17":{"start":{"line":30,"column":2},"end":{"line":53,"column":3}},"18":{"start":{"line":31,"column":17},"end":{"line":36,"column":6}},"19":{"start":{"line":38,"column":17},"end":{"line":38,"column":40}},"20":{"start":{"line":39,"column":4},"end":{"line":39,"column":23}},"21":{"start":{"line":41,"column":4},"end":{"line":43,"column":5}},"22":{"start":{"line":42,"column":6},"end":{"line":42,"column":65}},"23":{"start":{"line":44,"column":4},"end":{"line":46,"column":7}},"24":{"start":{"line":47,"column":4},"end":{"line":47,"column":33}},"25":{"start":{"line":49,"column":4},"end":{"line":49,"column":36}},"26":{"start":{"line":51,"column":4},"end":{"line":51,"column":19}},"27":{"start":{"line":52,"column":4},"end":{"line":52,"column":72}},"28":{"start":{"line":57,"column":0},"end":{"line":66,"column":3}},"29":{"start":{"line":58,"column":2},"end":{"line":65,"column":3}},"30":{"start":{"line":59,"column":19},"end":{"line":59,"column":42}},"31":{"start":{"line":60,"column":4},"end":{"line":60,"column":24}},"32":{"start":{"line":61,"column":4},"end":{"line":61,"column":31}},"33":{"start":{"line":63,"column":4},"end":{"line":63,"column":19}},"34":{"start":{"line":64,"column":4},"end":{"line":64,"column":65}},"35":{"start":{"line":68,"column":0},"end":{"line":68,"column":24}}},"fnMap":{"0":{"name":"(anonymous_0)","decl":{"start":{"line":7,"column":22},"end":{"line":7,"column":23}},"loc":{"start":{"line":7,"column":42},"end":{"line":14,"column":1}},"line":7},"1":{"name":"(anonymous_1)","decl":{"start":{"line":17,"column":30},"end":{"line":17,"column":31}},"loc":{"start":{"line":17,"column":50},"end":{"line":25,"column":1}},"line":17},"2":{"name":"(anonymous_2)","decl":{"start":{"line":28,"column":23},"end":{"line":28,"column":24}},"loc":{"start":{"line":28,"column":43},"end":{"line":54,"column":1}},"line":28},"3":{"name":"(anonymous_3)","decl":{"start":{"line":57,"column":22},"end":{"line":57,"column":23}},"loc":{"start":{"line":57,"column":42},"end":{"line":66,"column":1}},"line":57}},"branchMap":{},"s":{"0":1,"1":1,"2":1,"3":1,"4":1,"5":1,"6":1,"7":1,"8":0,"9":1,"10":2,"11":2,"12":2,"13":1,"14":1,"15":1,"16":2,"17":2,"18":2,"19":1,"20":1,"21":1,"22":5,"23":1,"24":1,"25":1,"26":1,"27":1,"28":1,"29":1,"30":1,"31":1,"32":1,"33":0,"34":0,"35":1},"f":{"0":1,"1":2,"2":2,"3":1},"b":{},"_coverageSchema":"1a1c01bbd47fc00a2c39e90264f33305004495a9","hash":"f14b94ae2d9c50e68b71f4c999b05f79a1b79c23"}
}
